build/app/outputs/mapping/release/seeds.txt
com.pichillilorenzo.flutter_inappwebview.R$id: int left
com.google.android.gms.internal.measurement.zzae: android.os.Parcelable$Creator CREATOR
com.pichillilorenzo.flutter_inappwebview.R$style: int Theme_AppCompat_Dialog_MinWidth
com.pichillilorenzo.flutter_inappwebview.R$id: int action_bar_title
androidx.core.R$id: int tag_accessibility_heading
com.google.firebase.auth.FirebaseAuth: com.google.firebase.auth.FirebaseAuth getInstance()
androidx.appcompat.R$styleable: int GradientColor_android_endX
androidx.appcompat.R$style: int Theme_AppCompat_DayNight_Dialog_MinWidth
androidx.vectordrawable.graphics.drawable.VectorDrawableCompat$VGroup: void setScaleX(float)
androidx.appcompat.widget.ViewStubCompat: int getInflatedId()
com.google.protobuf.Timestamp: com.google.protobuf.Parser PARSER
androidx.appcompat.widget.MenuPopupWindow$MenuDropDownListView: void setHoverListener(androidx.appcompat.widget.MenuItemHoverListener)
androidx.core.R$id: int tag_unhandled_key_listeners
androidx.appcompat.R$id: int wrap_content
com.pichillilorenzo.flutter_inappwebview.R$style: int Base_V22_Theme_AppCompat
com.google.android.gms.measurement.internal.AppMeasurementDynamiteService: void getGmpAppId(com.google.android.gms.internal.measurement.zzw)
com.pichillilorenzo.flutter_inappwebview.R$layout: int abc_action_mode_close_item_material
com.google.firebase.firestore.proto.UnknownDocument: int VERSION_FIELD_NUMBER
io.flutter.plugin.editing.ImeSyncDeferringInsetsCallback
androidx.appcompat.widget.AppCompatButton: void setSupportBackgroundTintMode(android.graphics.PorterDuff$Mode)
org.chromium.support_lib_boundary.TracingControllerBoundaryInterface: boolean stop(java.io.OutputStream,java.util.concurrent.Executor)
androidx.appcompat.R$style: int TextAppearance_AppCompat_Button
androidx.appcompat.R$style: int Base_Widget_AppCompat_ActionMode
com.pichillilorenzo.flutter_inappwebview.R$style: int TextAppearance_AppCompat_Widget_ActionMode_Subtitle
io.flutter.plugin.platform.SingleViewPresentation: android.widget.FrameLayout container
com.pichillilorenzo.flutter_inappwebview.R$style: int TextAppearance_AppCompat_Large
com.google.firebase.firestore.proto.Target: int SNAPSHOT_VERSION_FIELD_NUMBER
androidx.appcompat.view.menu.ActionMenuItemView: void setIcon(android.graphics.drawable.Drawable)
androidx.fragment.R$styleable: int FontFamilyFont_ttcIndex
com.google.firestore.v1.TargetChange$TargetChangeType: com.google.firestore.v1.TargetChange$TargetChangeType valueOf(java.lang.String)
org.chromium.support_lib_boundary.ServiceWorkerClientBoundaryInterface
androidx.appcompat.R$string: int abc_capital_off
com.google.firestore.v1.ExistenceFilter: com.google.firestore.v1.ExistenceFilter DEFAULT_INSTANCE
com.pichillilorenzo.flutter_inappwebview.R$style: int Base_TextAppearance_AppCompat_Medium_Inverse
androidx.appcompat.widget.LinearLayoutCompat: int getGravity()
androidx.core.R$id: int dialog_button
androidx.appcompat.R$styleable: int SearchView_android_focusable
com.shockwave.pdfium.R$drawable: int notification_tile_bg
androidx.appcompat.R$styleable: int TextAppearance_android_shadowColor
io.flutter.embedding.android.FlutterImageView$SurfaceKind: io.flutter.embedding.android.FlutterImageView$SurfaceKind valueOf(java.lang.String)
org.chromium.support_lib_boundary.WebMessagePortBoundaryInterface: void postMessage(java.lang.reflect.InvocationHandler)
androidx.appcompat.R$style: int Base_Widget_AppCompat_ButtonBar
androidx.appcompat.widget.AppCompatSpinner: int getDropDownWidth()
androidx.appcompat.widget.AppCompatButton
org.chromium.support_lib_boundary.WebkitToCompatConverterBoundaryInterface: java.lang.reflect.InvocationHandler convertWebResourceError(java.lang.Object)
androidx.appcompat.R$styleable: int Toolbar_titleTextAppearance
androidx.appcompat.widget.SearchView: int getPreferredHeight()
androidx.appcompat.R$styleable: int ActionMode_subtitleTextStyle
androidx.appcompat.R$color: int background_material_light