build/app/outputs/mapping/release/mapping.txt
# compiler: R8
# compiler_version: 1.6.82
# min_api: 17
# pg_map_id: 854356f
# common_typos_disable
...
androidx.appcompat.app.AppCompatDialog -> androidx.appcompat.app.g:
    androidx.appcompat.app.AppCompatDelegate mDelegate -> c
    androidx.core.view.KeyEventDispatcher$Component mKeyDispatcher -> d
    androidx.appcompat.app.AppCompatDelegate getDelegate() -> a
    int getThemeResId(android.content.Context,int) -> a
    void onSupportActionModeStarted(androidx.appcompat.view.ActionMode) -> a
    androidx.appcompat.view.ActionMode onWindowStartingSupportActionMode(androidx.appcompat.view.ActionMode$Callback) -> a
    boolean superDispatchKeyEvent(android.view.KeyEvent) -> a
    boolean supportRequestWindowFeature(int) -> a
    void onSupportActionModeFinished(androidx.appcompat.view.ActionMode) -> b
androidx.appcompat.app.AppCompatDialog$1 -> androidx.appcompat.app.g$a:
    androidx.appcompat.app.AppCompatDialog this$0 -> c
    boolean superDispatchKeyEvent(android.view.KeyEvent) -> a
androidx.appcompat.app.AppCompatViewInflater -> androidx.appcompat.app.AppCompatViewInflater:
    int[] sOnClickAttrs -> c
    java.lang.Object[] mConstructorArgs -> a
    java.lang.Class[] sConstructorSignature -> b
    java.lang.String[] sClassPrefixList -> d
    java.util.Map sConstructorMap -> e
    void checkOnClickListener(android.view.View,android.util.AttributeSet) -> a
    androidx.appcompat.widget.AppCompatAutoCompleteTextView createAutoCompleteTextView(android.content.Context,android.util.AttributeSet) -> a
    android.view.View createView(android.content.Context,java.lang.String,android.util.AttributeSet) -> a
    android.view.View createView(android.view.View,java.lang.String,android.content.Context,android.util.AttributeSet,boolean,boolean,boolean,boolean) -> a
    android.view.View createViewByPrefix(android.content.Context,java.lang.String,java.lang.String) -> a
    android.content.Context themifyContext(android.content.Context,android.util.AttributeSet,boolean,boolean) -> a
    void verifyNotNull(android.view.View,java.lang.String) -> a
    androidx.appcompat.widget.AppCompatButton createButton(android.content.Context,android.util.AttributeSet) -> b
    android.view.View createViewFromTag(android.content.Context,java.lang.String,android.util.AttributeSet) -> b
    androidx.appcompat.widget.AppCompatCheckBox createCheckBox(android.content.Context,android.util.AttributeSet) -> c
androidx.appcompat.app.AppCompatViewInflater$DeclaredOnClickListener -> androidx.appcompat.app.AppCompatViewInflater$a:
    android.view.View mHostView -> c
    java.lang.reflect.Method mResolvedMethod -> e
    java.lang.String mMethodName -> d
    android.content.Context mResolvedContext -> f
    void resolveMethod(android.content.Context,java.lang.String) -> a
androidx.appcompat.app.ResourcesFlusher -> androidx.appcompat.app.h:
    java.lang.reflect.Field sResourcesImplField -> g
    java.lang.reflect.Field sThemedResourceCache_mUnthemedEntriesField -> e
    boolean sThemedResourceCache_mUnthemedEntriesFieldFetched -> f
    boolean sResourcesImplFieldFetched -> h
    java.lang.reflect.Field sDrawableCacheField -> a
    boolean sDrawableCacheFieldFetched -> b
    java.lang.Class sThemedResourceCacheClazz -> c
    boolean sThemedResourceCacheClazzFetched -> d
    void flush(android.content.res.Resources) -> a
    void flushThemedResourcesCache(java.lang.Object) -> a
    void flushLollipops(android.content.res.Resources) -> b
    void flushMarshmallows(android.content.res.Resources) -> c
    void flushNougats(android.content.res.Resources) -> d
androidx.appcompat.app.TwilightCalculator -> androidx.appcompat.app.i:
    long sunrise -> b
    long sunset -> a
    androidx.appcompat.app.TwilightCalculator sInstance -> d
    int state -> c
    void calculateTwilight(long,double,double) -> a
    androidx.appcompat.app.TwilightCalculator getInstance() -> a