build/app/outputs/mapping/release/usage.txt
kotlin.ExperimentalMultiplatform
org.junit.runners.parameterized.TestWithParameters
com.google.common.collect.ForwardingSetMultimap
io.grpc.okhttp.internal.framed.FrameReader$Handler:
    public abstract void alternateService(int,java.lang.String,okio.ByteString,java.lang.String,int,long)
com.google.protobuf.TextFormatEscaper$2
androidx.media.MediaBrowserServiceCompat
kotlin.time.ClockKt
org.junit.runner.notification.RunNotifier$6
androidx.work.OneTimeWorkRequest$Builder:
    public androidx.work.OneTimeWorkRequest$Builder setInputMerger(java.lang.Class)
com.google.firebase.R$drawable
okhttp3.internal.http2.Http2Connection:
    public okhttp3.Protocol getProtocol()
    public synchronized int openStreamCount()
    public okhttp3.internal.http2.Http2Stream pushStream(int,java.util.List,boolean)
    void writeSynReply(int,boolean,java.util.List)
    void writePingAndAwaitPong()
    synchronized void awaitPong()
    public void setSettings(okhttp3.internal.http2.Settings)
    static final int OKHTTP_CLIENT_WINDOW_SIZE
com.google.protobuf.MessageLite$Builder:
    public abstract com.google.protobuf.MessageLite$Builder clear()
    public abstract com.google.protobuf.MessageLite$Builder clone()
    public abstract com.google.protobuf.MessageLite$Builder mergeFrom(com.google.protobuf.CodedInputStream)
    public abstract com.google.protobuf.MessageLite$Builder mergeFrom(com.google.protobuf.CodedInputStream,com.google.protobuf.ExtensionRegistryLite)
    public abstract com.google.protobuf.MessageLite$Builder mergeFrom(com.google.protobuf.ByteString)
    public abstract com.google.protobuf.MessageLite$Builder mergeFrom(com.google.protobuf.ByteString,com.google.protobuf.ExtensionRegistryLite)
    public abstract com.google.protobuf.MessageLite$Builder mergeFrom(byte[])
    public abstract com.google.protobuf.MessageLite$Builder mergeFrom(byte[],int,int)
    public abstract com.google.protobuf.MessageLite$Builder mergeFrom(byte[],com.google.protobuf.ExtensionRegistryLite)
    public abstract com.google.protobuf.MessageLite$Builder mergeFrom(byte[],int,int,com.google.protobuf.ExtensionRegistryLite)
    public abstract com.google.protobuf.MessageLite$Builder mergeFrom(java.io.InputStream)
    public abstract com.google.protobuf.MessageLite$Builder mergeFrom(java.io.InputStream,com.google.protobuf.ExtensionRegistryLite)
    public abstract boolean mergeDelimitedFrom(java.io.InputStream)
    public abstract boolean mergeDelimitedFrom(java.io.InputStream,com.google.protobuf.ExtensionRegistryLite)
okhttp3.mockwebserver.SocketPolicy
com.google.android.gms.measurement.sdk.R
io.grpc.Context$CanIgnoreReturnValue
com.google.common.cache.CacheBuilder$OneWeigher
org.junit.internal.requests.FilterRequest
androidx.work.impl.model.RawWorkInfoDao
com.google.api.Service$Builder
com.google.api.MonitoredResourceMetadata$1
com.google.logging.type.HttpRequest$1
okhttp3.internal.cache.DiskLruCache$3
com.google.i18n.phonenumbers.ShortNumberInfo
io.flutter.plugin.platform.PlatformViewsController:
    private static final java.lang.String TAG
kotlin.text.StringsKt__IndentKt$prependIndent$1
kotlin.NumbersKt__BigIntegersKt
com.google.firebase.installations.BuildConfig
androidx.core.R$drawable
com.google.common.util.concurrent.ServiceManager$ServiceManagerState$AwaitHealthGuard
androidx.print.PrintHelper$1
androidx.media.MediaBrowserServiceCompat$MediaBrowserServiceImplBase$1
com.google.common.collect.ImmutableClassToInstanceMap
kotlin.SuspendKt
com.google.common.collect.Maps$6
kotlin.jvm.functions.Function9
androidx.work.impl.utils.taskexecutor.package-info
com.google.android.gms.common.api.internal.zaci
com.google.common.graph.AbstractNetwork
androidx.webkit.internal.WebMessageAdapter
com.google.common.collect.ObjectCountHashMap
kotlin.coroutines.CombinedContext$toString$1
androidx.media.MediaSessionManager$RemoteUserInfo